0 info it worked if it ends with ok
1 verbose cli [ '/usr/bin/nodejs', '/usr/bin/npm', 'start' ]
2 info using npm@3.10.10
3 info using node@v6.11.0
4 verbose run-script [ 'prestart', 'start', 'poststart' ]
5 info lifecycle reactive-quizlet@1.0.0~prestart: reactive-quizlet@1.0.0
6 silly lifecycle reactive-quizlet@1.0.0~prestart: no script for prestart, continuing
7 info lifecycle reactive-quizlet@1.0.0~start: reactive-quizlet@1.0.0
8 verbose lifecycle reactive-quizlet@1.0.0~start: unsafe-perm in lifecycle true
9 verbose lifecycle reactive-quizlet@1.0.0~start: PATH: /usr/lib/node_modules/npm/bin/node-gyp-bin:/mnt/m/MPrograms/reactive-quizlet/node_modules/.bin:/usr/local/sbin:/usr/local/bin:/usr/sbin:/usr/bin:/sbin:/bin:/usr/games:/usr/local/games:/mnt/c/Program Files (x86)/Razer Chroma SDK/bin:/mnt/c/Program Files/Razer Chroma SDK/bin:/mnt/c/ProgramData/Oracle/Java/javapath_target_3755265:/mnt/c/Windows/System32:/mnt/c/Windows:/mnt/c/Windows/System32/wbem:/mnt/c/Windows/System32/WindowsPowerShell/v1.0:/mnt/c/Users/choma/AppData/Local/Microsoft/WindowsApps:/mnt/c/Program Files (x86)/Microsoft VS Code/bin:/mnt/m/Program Files/Git/cmd:/mnt/c/Program Files/nodejs:/mnt/c/Users/choma/AppData/Roaming/npm
10 verbose lifecycle reactive-quizlet@1.0.0~start: CWD: /mnt/m/MPrograms/reactive-quizlet
11 silly lifecycle reactive-quizlet@1.0.0~start: Args: [ '-c', 'webpack-dev-server --progress --colors --hot' ]
12 silly lifecycle reactive-quizlet@1.0.0~start: Returned: code: 1  signal: null
13 info lifecycle reactive-quizlet@1.0.0~start: Failed to exec start script
14 verbose stack Error: reactive-quizlet@1.0.0 start: `webpack-dev-server --progress --colors --hot`
14 verbose stack Exit status 1
14 verbose stack     at EventEmitter.<anonymous> (/usr/lib/node_modules/npm/lib/utils/lifecycle.js:255:16)
14 verbose stack     at emitTwo (events.js:106:13)
14 verbose stack     at EventEmitter.emit (events.js:191:7)
14 verbose stack     at ChildProcess.<anonymous> (/usr/lib/node_modules/npm/lib/utils/spawn.js:40:14)
14 verbose stack     at emitTwo (events.js:106:13)
14 verbose stack     at ChildProcess.emit (events.js:191:7)
14 verbose stack     at maybeClose (internal/child_process.js:891:16)
14 verbose stack     at Process.ChildProcess._handle.onexit (internal/child_process.js:226:5)
15 verbose pkgid reactive-quizlet@1.0.0
16 verbose cwd /mnt/m/MPrograms/reactive-quizlet/src
17 error Linux 4.4.0-43-Microsoft
18 error argv "/usr/bin/nodejs" "/usr/bin/npm" "start"
19 error node v6.11.0
20 error npm  v3.10.10
21 error code ELIFECYCLE
22 error reactive-quizlet@1.0.0 start: `webpack-dev-server --progress --colors --hot`
22 error Exit status 1
23 error Failed at the reactive-quizlet@1.0.0 start script 'webpack-dev-server --progress --colors --hot'.
23 error Make sure you have the latest version of node.js and npm installed.
23 error If you do, this is most likely a problem with the reactive-quizlet package,
23 error not with npm itself.
23 error Tell the author that this fails on your system:
23 error     webpack-dev-server --progress --colors --hot
23 error You can get information on how to open an issue for this project with:
23 error     npm bugs reactive-quizlet
23 error Or if that isn't available, you can get their info via:
23 error     npm owner ls reactive-quizlet
23 error There is likely additional logging output above.
24 verbose exit [ 1, true ]
